2024-09-29 11:54:44,461 - WARNING - LOGIN_FAILURE - User: user1 - Area: home
2024-09-29 11:54:44,917 - WARNING - LOGIN_FAILURE - User: unknown_user - Area: financial_data
2024-09-29 11:54:45,170 - INFO - LOGIN_SUCCESS - User: user2 - Area: admin_panel
2024-09-29 11:54:45,961 - WARNING - LOGIN_FAILURE - User: unknown_user - Area: financial_data
2024-09-29 11:54:46,685 - INFO - LOGIN_SUCCESS - User: admin - Area: financial_data
2024-09-29 11:54:47,274 - WARNING - LOGIN_FAILURE - User: user1 - Area: home
2024-09-29 11:54:47,768 - WARNING - LOGIN_FAILURE - User: admin - Area: financial_data
2024-09-29 11:54:47,960 - INFO - LOGIN_SUCCESS - User: admin - Area: home
2024-09-29 11:54:48,485 - INFO - LOGIN_SUCCESS - User: user1 - Area: home
2024-09-29 11:54:49,231 - WARNING - LOGIN_FAILURE - User: unknown_user - Area: dashboard
2024-09-29 11:54:49,579 - WARNING - LOGIN_FAILURE - User: user1 - Area: admin_panel
2024-09-29 11:54:49,849 - INFO - LOGIN_SUCCESS - User: user2 - Area: financial_data
2024-09-29 11:54:50,056 - WARNING - LOGIN_FAILURE - User: unknown_user - Area: home
2024-09-29 11:54:50,816 - INFO - LOGIN_SUCCESS - User: user2 - Area: home
2024-09-29 11:54:51,133 - WARNING - LOGIN_FAILURE - User: unknown_user - Area: dashboard
2024-09-29 11:54:51,770 - WARNING - LOGIN_FAILURE - User: admin - Area: dashboard
2024-09-29 11:54:52,055 - WARNING - LOGIN_FAILURE - User: user2 - Area: admin_panel
2024-09-29 11:54:52,820 - INFO - LOGIN_SUCCESS - User: user1 - Area: admin_panel
2024-09-29 11:54:53,499 - WARNING - LOGIN_FAILURE - User: unknown_user - Area: admin_panel
2024-09-29 11:54:54,404 - WARNING - LOGIN_FAILURE - User: admin - Area: financial_data
